<?xml version="1.0" encoding="UTF-8"?>
<testng-results skipped="0" failed="1" ignored="0" total="1" passed="0">
  <reporter-output>
  </reporter-output>
  <suite name="Default suite" duration-ms="120" started-at="2020-02-02T15:05:06Z" finished-at="2020-02-02T15:05:06Z">
    <groups>
    </groups>
    <test name="Default test" duration-ms="120" started-at="2020-02-02T15:05:06Z" finished-at="2020-02-02T15:05:06Z">
      <class name="Type_Test_Challenge">
        <test-method status="FAIL" signature="setUpBeforeClass()[pri:0, instance:Type_Test_Challenge@1810399e]" name="setUpBeforeClass" duration-ms="36" started-at="2020-02-02T15:05:06Z" finished-at="2020-02-02T15:05:06Z">
          <exception class="java.lang.NoClassDefFoundError">
            <message>
              <![CDATA[com/google/common/collect/ImmutableList]]>
            </message>
            <full-stacktrace>
              <![CDATA[java.lang.NoClassDefFoundError: com/google/common/collect/ImmutableList
at org.openqa.selenium.chrome.ChromeOptions.addArguments(ChromeOptions.java:124)
at Setup.getChromeDriver(Setup.java:31)
at Type_Test_Challenge.setUpBeforeClass(Type_Test_Challenge.java:14)
at sun.reflect.NativeMethodAccessorImpl.invoke0(Native Method)
at sun.reflect.NativeMethodAccessorImpl.invoke(Unknown Source)
at sun.reflect.DelegatingMethodAccessorImpl.invoke(Unknown Source)
at java.lang.reflect.Method.invoke(Unknown Source)
at org.testng.internal.MethodInvocationHelper.invokeMethod(MethodInvocationHelper.java:124)
at org.testng.internal.Invoker.invokeMethod(Invoker.java:583)
at org.testng.internal.Invoker.invokeTestMethod(Invoker.java:719)
at org.testng.internal.Invoker.invokeTestMethods(Invoker.java:989)
at org.testng.internal.TestMethodWorker.invokeTestMethods(TestMethodWorker.java:125)
at org.testng.internal.TestMethodWorker.run(TestMethodWorker.java:109)
at org.testng.TestRunner.privateRun(TestRunner.java:648)
at org.testng.TestRunner.run(TestRunner.java:505)
at org.testng.SuiteRunner.runTest(SuiteRunner.java:455)
at org.testng.SuiteRunner.runSequentially(SuiteRunner.java:450)
at org.testng.SuiteRunner.privateRun(SuiteRunner.java:415)
at org.testng.SuiteRunner.run(SuiteRunner.java:364)
at org.testng.SuiteRunnerWorker.runSuite(SuiteRunnerWorker.java:52)
at org.testng.SuiteRunnerWorker.run(SuiteRunnerWorker.java:84)
at org.testng.TestNG.runSuitesSequentially(TestNG.java:1208)
at org.testng.TestNG.runSuitesLocally(TestNG.java:1137)
at org.testng.TestNG.runSuites(TestNG.java:1049)
at org.testng.TestNG.run(TestNG.java:1017)
at org.testng.remote.AbstractRemoteTestNG.run(AbstractRemoteTestNG.java:115)
at org.testng.remote.RemoteTestNG.initAndRun(RemoteTestNG.java:251)
at org.testng.remote.RemoteTestNG.main(RemoteTestNG.java:77)
Caused by: java.lang.ClassNotFoundException: com.google.common.collect.ImmutableList
at java.net.URLClassLoader.findClass(Unknown Source)
at java.lang.ClassLoader.loadClass(Unknown Source)
at sun.misc.Launcher$AppClassLoader.loadClass(Unknown Source)
at java.lang.ClassLoader.loadClass(Unknown Source)
... 28 more
]]>
            </full-stacktrace>
          </exception> <!-- java.lang.NoClassDefFoundError -->
          <reporter-output>
          </reporter-output>
        </test-method> <!-- setUpBeforeClass -->
      </class> <!-- Type_Test_Challenge -->
    </test> <!-- Default test -->
  </suite> <!-- Default suite -->
</testng-results>
